{"/home/m2/www/0New/myservices/user-service/mixins/db.mixin.js": {"path":"/home/m2/www/0New/myservices/user-service/mixins/db.mixin.js","statementMap":{"0":{"start":{"line":3,"column":11},"end":{"line":3,"column":24}},"1":{"start":{"line":4,"column":18},"end":{"line":4,"column":41}},"2":{"start":{"line":10,"column":0},"end":{"line":78,"column":2}},"3":{"start":{"line":11,"column":29},"end":{"line":11,"column":56}},"4":{"start":{"line":13,"column":16},"end":{"line":55,"column":2}},"5":{"start":{"line":24,"column":4},"end":{"line":26,"column":5}},"6":{"start":{"line":25,"column":5},"end":{"line":25,"column":58}},"7":{"start":{"line":39,"column":4},"end":{"line":39,"column":39}},"8":{"start":{"line":46,"column":3},"end":{"line":53,"column":4}},"9":{"start":{"line":47,"column":18},"end":{"line":47,"column":44}},"10":{"start":{"line":48,"column":4},"end":{"line":52,"column":5}},"11":{"start":{"line":49,"column":5},"end":{"line":49,"column":92}},"12":{"start":{"line":50,"column":5},"end":{"line":50,"column":25}},"13":{"start":{"line":51,"column":5},"end":{"line":51,"column":89}},"14":{"start":{"line":57,"column":1},"end":{"line":75,"column":2}},"15":{"start":{"line":59,"column":23},"end":{"line":59,"column":60}},"16":{"start":{"line":61,"column":2},"end":{"line":61,"column":59}},"17":{"start":{"line":62,"column":2},"end":{"line":62,"column":33}},"18":{"start":{"line":63,"column":8},"end":{"line":75,"column":2}},"19":{"start":{"line":65,"column":2},"end":{"line":65,"column":49}},"20":{"start":{"line":70,"column":2},"end":{"line":72,"column":3}},"21":{"start":{"line":71,"column":3},"end":{"line":71,"column":26}},"22":{"start":{"line":74,"column":2},"end":{"line":74,"column":88}},"23":{"start":{"line":77,"column":1},"end":{"line":77,"column":15}}},"fnMap":{"0":{"name":"(anonymous_0)","decl":{"start":{"line":10,"column":17},"end":{"line":10,"column":18}},"loc":{"start":{"line":10,"column":38},"end":{"line":78,"column":1}},"line":10},"1":{"name":"(anonymous_1)","decl":{"start":{"line":23,"column":3},"end":{"line":23,"column":4}},"loc":{"start":{"line":23,"column":33},"end":{"line":27,"column":4}},"line":23},"2":{"name":"(anonymous_2)","decl":{"start":{"line":38,"column":3},"end":{"line":38,"column":4}},"loc":{"start":{"line":38,"column":40},"end":{"line":40,"column":4}},"line":38},"3":{"name":"(anonymous_3)","decl":{"start":{"line":43,"column":2},"end":{"line":43,"column":3}},"loc":{"start":{"line":43,"column":18},"end":{"line":54,"column":3}},"line":43}},"branchMap":{"0":{"loc":{"start":{"line":24,"column":4},"end":{"line":26,"column":5}},"type":"if","locations":[{"start":{"line":24,"column":4},"end":{"line":26,"column":5}},{"start":{},"end":{}}],"line":24},"1":{"loc":{"start":{"line":46,"column":3},"end":{"line":53,"column":4}},"type":"if","locations":[{"start":{"line":46,"column":3},"end":{"line":53,"column":4}},{"start":{},"end":{}}],"line":46},"2":{"loc":{"start":{"line":48,"column":4},"end":{"line":52,"column":5}},"type":"if","locations":[{"start":{"line":48,"column":4},"end":{"line":52,"column":5}},{"start":{},"end":{}}],"line":48},"3":{"loc":{"start":{"line":57,"column":1},"end":{"line":75,"column":2}},"type":"if","locations":[{"start":{"line":57,"column":1},"end":{"line":75,"column":2}},{"start":{"line":63,"column":8},"end":{"line":75,"column":2}}],"line":57},"4":{"loc":{"start":{"line":63,"column":8},"end":{"line":75,"column":2}},"type":"if","locations":[{"start":{"line":63,"column":8},"end":{"line":75,"column":2}},{"start":{"line":66,"column":8},"end":{"line":75,"column":2}}],"line":63},"5":{"loc":{"start":{"line":70,"column":2},"end":{"line":72,"column":3}},"type":"if","locations":[{"start":{"line":70,"column":2},"end":{"line":72,"column":3}},{"start":{},"end":{}}],"line":70}},"s":{"0":3,"1":3,"2":3,"3":7,"4":7,"5":8,"6":1,"7":8,"8":6,"9":5,"10":5,"11":4,"12":4,"13":4,"14":7,"15":0,"16":0,"17":0,"18":7,"19":7,"20":0,"21":0,"22":0,"23":7},"f":{"0":7,"1":8,"2":8,"3":6},"b":{"0":[1,7],"1":[5,1],"2":[4,1],"3":[0,7],"4":[7,0],"5":[0,0]},"_coverageSchema":"1a1c01bbd47fc00a2c39e90264f33305004495a9","hash":"63934533e72d27800cc7cdfa6867159b330a26f7"}
,"/home/m2/www/0New/myservices/user-service/services/greeter.service.js": {"path":"/home/m2/www/0New/myservices/user-service/services/greeter.service.js","statementMap":{"0":{"start":{"line":7,"column":0},"end":{"line":93,"column":2}},"1":{"start":{"line":38,"column":4},"end":{"line":38,"column":29}},"2":{"start":{"line":54,"column":4},"end":{"line":54,"column":41}}},"fnMap":{"0":{"name":"(anonymous_0)","decl":{"start":{"line":37,"column":3},"end":{"line":37,"column":4}},"loc":{"start":{"line":37,"column":19},"end":{"line":39,"column":4}},"line":37},"1":{"name":"(anonymous_1)","decl":{"start":{"line":53,"column":3},"end":{"line":53,"column":4}},"loc":{"start":{"line":53,"column":22},"end":{"line":55,"column":4}},"line":53},"2":{"name":"(anonymous_2)","decl":{"start":{"line":76,"column":1},"end":{"line":76,"column":2}},"loc":{"start":{"line":76,"column":11},"end":{"line":78,"column":2}},"line":76},"3":{"name":"(anonymous_3)","decl":{"start":{"line":83,"column":1},"end":{"line":83,"column":2}},"loc":{"start":{"line":83,"column":17},"end":{"line":85,"column":2}},"line":83},"4":{"name":"(anonymous_4)","decl":{"start":{"line":90,"column":1},"end":{"line":90,"column":2}},"loc":{"start":{"line":90,"column":17},"end":{"line":92,"column":2}},"line":90}},"branchMap":{},"s":{"0":1,"1":1,"2":1},"f":{"0":1,"1":1,"2":1,"3":1,"4":1},"b":{},"_coverageSchema":"1a1c01bbd47fc00a2c39e90264f33305004495a9","hash":"099e02439d761bfc19691a0044af8f0e78aa20df"}
,"/home/m2/www/0New/myservices/user-service/services/products.service.js": {"path":"/home/m2/www/0New/myservices/user-service/services/products.service.js","statementMap":{"0":{"start":{"line":3,"column":16},"end":{"line":3,"column":45}},"1":{"start":{"line":9,"column":0},"end":{"line":157,"column":2}},"2":{"start":{"line":49,"column":4},"end":{"line":49,"column":28}},"3":{"start":{"line":104,"column":16},"end":{"line":104,"column":98}},"4":{"start":{"line":105,"column":17},"end":{"line":105,"column":68}},"5":{"start":{"line":106,"column":4},"end":{"line":106,"column":51}},"6":{"start":{"line":108,"column":4},"end":{"line":108,"column":16}},"7":{"start":{"line":124,"column":16},"end":{"line":124,"column":99}},"8":{"start":{"line":125,"column":17},"end":{"line":125,"column":68}},"9":{"start":{"line":126,"column":4},"end":{"line":126,"column":51}},"10":{"start":{"line":128,"column":4},"end":{"line":128,"column":16}},"11":{"start":{"line":143,"column":3},"end":{"line":147,"column":6}}},"fnMap":{"0":{"name":"(anonymous_0)","decl":{"start":{"line":48,"column":3},"end":{"line":48,"column":4}},"loc":{"start":{"line":48,"column":15},"end":{"line":50,"column":4}},"line":48},"1":{"name":"(anonymous_1)","decl":{"start":{"line":103,"column":3},"end":{"line":103,"column":4}},"loc":{"start":{"line":103,"column":22},"end":{"line":109,"column":4}},"line":103},"2":{"name":"(anonymous_2)","decl":{"start":{"line":123,"column":3},"end":{"line":123,"column":4}},"loc":{"start":{"line":123,"column":22},"end":{"line":129,"column":4}},"line":123},"3":{"name":"(anonymous_3)","decl":{"start":{"line":142,"column":2},"end":{"line":142,"column":3}},"loc":{"start":{"line":142,"column":17},"end":{"line":148,"column":3}},"line":142},"4":{"name":"(anonymous_4)","decl":{"start":{"line":154,"column":1},"end":{"line":154,"column":2}},"loc":{"start":{"line":154,"column":24},"end":{"line":156,"column":2}},"line":154}},"branchMap":{},"s":{"0":2,"1":2,"2":2,"3":2,"4":2,"5":2,"6":2,"7":2,"8":2,"9":2,"10":2,"11":3},"f":{"0":2,"1":2,"2":2,"3":3,"4":4},"b":{},"_coverageSchema":"1a1c01bbd47fc00a2c39e90264f33305004495a9","hash":"5f98e1ae14ca36967d4c6c9524a60cd2686a3c5a"}
}
