TN:
SF:mixins/db.mixin.js
FN:10,(anonymous_0)
FN:23,(anonymous_1)
FN:38,(anonymous_2)
FN:43,(anonymous_3)
FNF:4
FNH:4
FNDA:7,(anonymous_0)
FNDA:8,(anonymous_1)
FNDA:8,(anonymous_2)
FNDA:6,(anonymous_3)
DA:3,3
DA:4,3
DA:10,3
DA:11,7
DA:13,7
DA:24,8
DA:25,1
DA:39,8
DA:46,6
DA:47,5
DA:48,5
DA:49,4
DA:50,4
DA:51,4
DA:57,7
DA:59,0
DA:61,0
DA:62,0
DA:63,7
DA:65,7
DA:70,0
DA:71,0
DA:74,0
DA:77,7
LF:24
LH:18
BRDA:24,0,0,1
BRDA:24,0,1,7
BRDA:46,1,0,5
BRDA:46,1,1,1
BRDA:48,2,0,4
BRDA:48,2,1,1
BRDA:57,3,0,0
BRDA:57,3,1,7
BRDA:63,4,0,7
BRDA:63,4,1,0
BRDA:70,5,0,0
BRDA:70,5,1,0
BRF:12
BRH:8
end_of_record
TN:
SF:services/greeter.service.js
FN:37,(anonymous_0)
FN:53,(anonymous_1)
FN:76,(anonymous_2)
FN:83,(anonymous_3)
FN:90,(anonymous_4)
FNF:5
FNH:5
FNDA:1,(anonymous_0)
FNDA:1,(anonymous_1)
FNDA:1,(anonymous_2)
FNDA:1,(anonymous_3)
FNDA:1,(anonymous_4)
DA:7,1
DA:38,1
DA:54,1
LF:3
LH:3
BRF:0
BRH:0
end_of_record
TN:
SF:services/products.service.js
FN:48,(anonymous_0)
FN:103,(anonymous_1)
FN:123,(anonymous_2)
FN:142,(anonymous_3)
FN:154,(anonymous_4)
FNF:5
FNH:5
FNDA:2,(anonymous_0)
FNDA:2,(anonymous_1)
FNDA:2,(anonymous_2)
FNDA:3,(anonymous_3)
FNDA:4,(anonymous_4)
DA:3,2
DA:9,2
DA:49,2
DA:104,2
DA:105,2
DA:106,2
DA:108,2
DA:124,2
DA:125,2
DA:126,2
DA:128,2
DA:143,3
LF:12
LH:12
BRF:0
BRH:0
end_of_record
